#
# There is insufficient memory for the Java Runtime Environment to continue.
# Native memory allocation (mmap) failed to map 67108864 bytes for Failed to commit area from 0x00000000c1a00000 to 0x00000000c5a00000 of length 67108864.
# Possible reasons:
#   The system is out of physical RAM or swap space
#   The process is running with CompressedOops enabled, and the Java Heap may be blocking the growth of the native heap
# Possible solutions:
#   Reduce memory load on the system
#   Increase physical memory or swap space
#   Check if swap backing store is full
#   Decrease Java heap size (-Xmx/-Xms)
#   Decrease number of Java threads
#   Decrease Java thread stack sizes (-Xss)
#   Set larger code cache with -XX:ReservedCodeCacheSize=
# This output file may be truncated or incomplete.
#
#  Out of Memory Error (t:/workspace/open/src/hotspot/os/windows/os_windows.cpp:3221), pid=10528, tid=10084
#
# JRE version:  (10.0.1+10) (build )
# Java VM: Java HotSpot(TM) 64-Bit Server VM (10.0.1+10, mixed mode, aot, tiered, compressed oops, g1 gc, windows-amd64)
# No core dump will be written. Minidumps are not enabled by default on client versions of Windows
#

---------------  S U M M A R Y ------------

Command Line: -Dmaven.multiModuleProjectDirectory=C:\Users\Pinaki Kundu\Downloads\Compressed\Pinaki\Association -Dmaven.home=C:\Program Files\JetBrains\IntelliJ IDEA Community Edition 2018.1.5\plugins\maven\lib\maven3 -Dclassworlds.conf=C:\Program Files\JetBrains\IntelliJ IDEA Community Edition 2018.1.5\plugins\maven\lib\maven3\bin\m2.conf -javaagent:C:\Program Files\JetBrains\IntelliJ IDEA Community Edition 2018.1.5\lib\idea_rt.jar=64798:C:\Program Files\JetBrains\IntelliJ IDEA Community Edition 2018.1.5\bin -Dfile.encoding=UTF-8 org.codehaus.classworlds.Launcher -Didea.version=2018.1.5 compile -f pom.xml

Host: Intel(R) Core(TM) i5-6200U CPU @ 2.30GHz, 4 cores, 3G,  Windows 10 , 64 bit Build 17134 (10.0.17134.1)
Time: Sun Sep 30 09:02:06 2018 India Standard Time elapsed time: 0 seconds (0d 0h 0m 0s)

---------------  T H R E A D  ---------------

Current thread (0x0000026de903d000):  JavaThread "Unknown thread" [_thread_in_vm, id=10084, stack(0x000000f250c00000,0x000000f250d00000)]

Stack: [0x000000f250c00000,0x000000f250d00000]
Native frames: (J=compiled Java code, j=interpreted, Vv=VM code, C=native code)
V  [jvm.dll+0x5a0369]
V  [jvm.dll+0x6bcf81]
V  [jvm.dll+0x6be176]
V  [jvm.dll+0x6be803]
V  [jvm.dll+0x234998]
V  [jvm.dll+0x59dc74]
V  [jvm.dll+0x592ab5]
V  [jvm.dll+0x2f625b]
V  [jvm.dll+0x2f61c5]
V  [jvm.dll+0x2f60a2]
V  [jvm.dll+0x2f8286]
V  [jvm.dll+0x3440d3]
V  [jvm.dll+0x3447e6]
V  [jvm.dll+0x3441d3]
V  [jvm.dll+0x2c43b8]
V  [jvm.dll+0x2c5501]
V  [jvm.dll+0x69d33b]
V  [jvm.dll+0x69eb5c]
V  [jvm.dll+0x351849]
V  [jvm.dll+0x6859c2]
V  [jvm.dll+0x3ba0a3]
V  [jvm.dll+0x3bc201]
C  [java.exe+0x3531]
C  [java.exe+0xe1af]
C  [java.exe+0xe356]
C  [KERNEL32.DLL+0x13034]
C  [ntdll.dll+0x71461]


---------------  P R O C E S S  ---------------

Threads class SMR info:
_java_thread_list=0x0000026de6f46c80, length=0, elements={
}

Java Threads: ( => current thread )

Other Threads:
  0x0000026de9056000 GCTaskThread "GC Thread#0" [stack: 0x000000f250d00000,0x000000f250e00000] [id=4716]
  0x0000026de9057000 GCTaskThread "GC Thread#1" [stack: 0x000000f250e00000,0x000000f250f00000] [id=4104]
  0x0000026de905a000 GCTaskThread "GC Thread#2" [stack: 0x000000f250f00000,0x000000f251000000] [id=7948]
  0x0000026de905e000 GCTaskThread "GC Thread#3" [stack: 0x000000f251000000,0x000000f251100000] [id=9084]
  0x0000026de90a4800 ConcurrentGCThread "G1 Main Marker" [stack: 0x000000f251100000,0x000000f251200000] [id=7572]
  0x0000026de9062000 ConcurrentGCThread "G1 Conc#0" [stack: 0x000000f251200000,0x000000f251300000] [id=8548]

[error occurred during error reporting (printing all threads), id 0xe0000002]

VM state:not at safepoint (not fully initialized)

VM Mutex/Monitor currently owned by a thread:  ([mutex/lock_event])
[0x0000026de903c810] Heap_lock - owner thread: 0x0000026de903d000

Heap address: 0x00000000c1a00000, size: 998 MB, Compressed Oops mode: Non-zero based: 0x00000000c1a00000
Narrow klass base: 0x0000000000000000, Narrow klass shift: 0

GC Heap History (0 events):
No events

Deoptimization events (0 events):
No events

Classes redefined (0 events):
No events

Internal exceptions (0 events):
No events

Events (0 events):
No events


Dynamic libraries:
0x00007ff7fb3f0000 - 0x00007ff7fb42e000 	C:\Program Files\Java\jdk-10.0.1\bin\java.exe
0x00007ff9bf1c0000 - 0x00007ff9bf3a1000 	C:\WINDOWS\SYSTEM32\ntdll.dll
0x00007ff9bcad0000 - 0x00007ff9bcb82000 	C:\WINDOWS\System32\KERNEL32.DLL
0x00007ff9bc180000 - 0x00007ff9bc3f3000 	C:\WINDOWS\System32\KERNELBASE.dll
0x00007ff9bc650000 - 0x00007ff9bc6f1000 	C:\WINDOWS\System32\ADVAPI32.dll
0x00007ff9bd120000 - 0x00007ff9bd1be000 	C:\WINDOWS\System32\msvcrt.dll
0x00007ff9bca40000 - 0x00007ff9bca9b000 	C:\WINDOWS\System32\sechost.dll
0x00007ff9bea30000 - 0x00007ff9beb54000 	C:\WINDOWS\System32\RPCRT4.dll
0x00007ff9bcd30000 - 0x00007ff9bcec0000 	C:\WINDOWS\System32\USER32.dll
0x00007ff9bb670000 - 0x00007ff9bb690000 	C:\WINDOWS\System32\win32u.dll
0x00007ff9bcaa0000 - 0x00007ff9bcac8000 	C:\WINDOWS\System32\GDI32.dll
0x00007ff9bbfe0000 - 0x00007ff9bc172000 	C:\WINDOWS\System32\gdi32full.dll
0x00007ff9bc400000 - 0x00007ff9bc49f000 	C:\WINDOWS\System32\msvcp_win.dll
0x00007ff9bc550000 - 0x00007ff9bc64a000 	C:\WINDOWS\System32\ucrtbase.dll
0x00007ff9b23e0000 - 0x00007ff9b2649000 	C:\WINDOWS\WinSxS\amd64_microsoft.windows.common-controls_6595b64144ccf1df_6.0.17134.285_none_fb4297e330656775\COMCTL32.dll
0x00007ff9bc710000 - 0x00007ff9bca33000 	C:\WINDOWS\System32\combase.dll
0x00007ff9bb590000 - 0x00007ff9bb60a000 	C:\WINDOWS\System32\bcryptPrimitives.dll
0x00007ff9b2cb0000 - 0x00007ff9b2cba000 	C:\WINDOWS\SYSTEM32\VERSION.dll
0x00007ff9bcf70000 - 0x00007ff9bcf9d000 	C:\WINDOWS\System32\IMM32.DLL
0x00007ff996530000 - 0x00007ff99661f000 	C:\Program Files\Java\jdk-10.0.1\bin\msvcr120.dll
0x00007ff9b12b0000 - 0x00007ff9b1356000 	C:\Program Files\Java\jdk-10.0.1\bin\msvcp120.dll
0x0000000053b80000 - 0x00000000545f0000 	C:\Program Files\Java\jdk-10.0.1\bin\server\jvm.dll
0x00007ff9bf180000 - 0x00007ff9bf188000 	C:\WINDOWS\System32\PSAPI.DLL
0x00007ff9ba130000 - 0x00007ff9ba139000 	C:\WINDOWS\SYSTEM32\WSOCK32.dll
0x00007ff9b9290000 - 0x00007ff9b92b3000 	C:\WINDOWS\SYSTEM32\WINMM.dll
0x00007ff9bd3e0000 - 0x00007ff9bd44c000 	C:\WINDOWS\System32\WS2_32.dll
0x00007ff9b8bd0000 - 0x00007ff9b8bfa000 	C:\WINDOWS\SYSTEM32\WINMMBASE.dll
0x00007ff9bbf90000 - 0x00007ff9bbfd9000 	C:\WINDOWS\System32\cfgmgr32.dll
0x00007ff9b9430000 - 0x00007ff9b943f000 	C:\Program Files\Java\jdk-10.0.1\bin\verify.dll
0x00007ff9b9d90000 - 0x00007ff9b9f59000 	C:\WINDOWS\SYSTEM32\DBGHELP.DLL
0x00007ff9b58e0000 - 0x00007ff9b5909000 	C:\WINDOWS\SYSTEM32\dbgcore.DLL
0x00007ff9b1240000 - 0x00007ff9b1267000 	C:\Program Files\Java\jdk-10.0.1\bin\java.dll
0x00007ff9b1180000 - 0x00007ff9b11aa000 	C:\Program Files\Java\jdk-10.0.1\bin\instrument.dll
0x00007ff9b1220000 - 0x00007ff9b1236000 	C:\Program Files\Java\jdk-10.0.1\bin\zip.dll
0x00007ff9b7210000 - 0x00007ff9b721a000 	C:\Program Files\Java\jdk-10.0.1\bin\jimage.dll

dbghelp: loaded successfully - version: 4.0.5 - missing functions: none
symbol engine: initialized successfully - sym options: 0x614 - pdb path: .;C:\Program Files\Java\jdk-10.0.1\bin;C:\WINDOWS\SYSTEM32;C:\WINDOWS\WinSxS\amd64_microsoft.windows.common-controls_6595b64144ccf1df_6.0.17134.285_none_fb4297e330656775;C:\Program Files\Java\jdk-10.0.1\bin\server

VM Arguments:
jvm_args: -Dmaven.multiModuleProjectDirectory=C:\Users\Pinaki Kundu\Downloads\Compressed\Pinaki\Association -Dmaven.home=C:\Program Files\JetBrains\IntelliJ IDEA Community Edition 2018.1.5\plugins\maven\lib\maven3 -Dclassworlds.conf=C:\Program Files\JetBrains\IntelliJ IDEA Community Edition 2018.1.5\plugins\maven\lib\maven3\bin\m2.conf -javaagent:C:\Program Files\JetBrains\IntelliJ IDEA Community Edition 2018.1.5\lib\idea_rt.jar=64798:C:\Program Files\JetBrains\IntelliJ IDEA Community Edition 2018.1.5\bin -Dfile.encoding=UTF-8 
java_command: org.codehaus.classworlds.Launcher -Didea.version=2018.1.5 compile -f pom.xml
java_class_path (initial): C:\Program Files\JetBrains\IntelliJ IDEA Community Edition 2018.1.5\plugins\maven\lib\maven3\boot\plexus-classworlds-2.5.2.jar
Launcher Type: SUN_STANDARD

Logging:
Log output configuration:
#0: stdout all=warning uptime,level,tags
#1: stderr all=off uptime,level,tags

Environment Variables:
PATH=C:\Program Files (x86)\Common Files\Oracle\Java\javapath;C:\Program Files (x86)\Intel\iCLS Client\;C:\ProgramData\Oracle\Java\javapath;C:\Program Files\Broadcom\Broadcom 802.11 Network Adapter;C:\Program Files\Intel\iCLS Client\;C:\WINDOWS\system32;C:\WINDOWS;C:\WINDOWS\System32\Wbem;C:\WINDOWS\System32\WindowsPowerShell\v1.0\;C:\Program Files\Java\jre1.8.0_131\bin;C:\Program Files (x86)\Intel\Intel(R) Management Engine Components\DAL;C:\Program Files\Intel\Intel(R) Management Engine Components\DAL;C:\Program Files (x86)\Intel\Intel(R) Management Engine Components\IPT;C:\Program Files\Intel\Intel(R) Management Engine Components\IPT;C:\Program Files (x86)\Windows Live\Shared;C:\WINDOWS\System32\OpenSSH\;C:\Users\Pinaki Kundu\AppData\Local\Microsoft\WindowsApps;
USERNAME=Pinaki Kundu
OS=Windows_NT
PROCESSOR_IDENTIFIER=Intel64 Family 6 Model 78 Stepping 3, GenuineIntel



---------------  S Y S T E M  ---------------

OS: Windows 10 , 64 bit Build 17134 (10.0.17134.1)

CPU:total 4 (initial active 4) (2 cores per cpu, 2 threads per core) family 6 model 78 stepping 3, cmov, cx8, fxsr, mmx, sse, sse2, sse3, ssse3, sse4.1, sse4.2, popcnt, avx, avx2, aes, clmul, erms, 3dnowpref, lzcnt, ht, tsc, tscinvbit, bmi1, bmi2, adx, fma

Memory: 4k page, physical 4083104k(367848k free), swap 5510560k(22916k free)

vm_info: Java HotSpot(TM) 64-Bit Server VM (10.0.1+10) for windows-amd64 JRE (10.0.1+10), built on Mar 27 2018 02:27:48 by "mach5one" with MS VC++ 12.0 (VS2013)

END.
